#
# There is insufficient memory for the Java Runtime Environment to continue.
# Native memory allocation (malloc) failed to allocate 131088 bytes. Error detail: Chunk::new
# Possible reasons:
#   The system is out of physical RAM or swap space
#   This process is running with CompressedOops enabled, and the Java Heap may be blocking the growth of the native heap
# Possible solutions:
#   Reduce memory load on the system
#   Increase physical memory or swap space
#   Check if swap backing store is full
#   Decrease Java heap size (-Xmx/-Xms)
#   Decrease number of Java threads
#   Decrease Java thread stack sizes (-Xss)
#   Set larger code cache with -XX:ReservedCodeCacheSize=
#   JVM is running with Unscaled Compressed Oops mode in which the Java heap is
#     placed in the first 4GB address space. The Java Heap base address is the
#     maximum limit for the native heap growth. Please use -XX:HeapBaseMinAddress
#     to set the Java Heap base and to place the Java Heap above 4GB virtual address.
# This output file may be truncated or incomplete.
#
#  Out of Memory Error (arena.cpp:168), pid=7496, tid=15212
#
# JRE version: OpenJDK Runtime Environment Temurin-21.0.7+6 (21.0.7+6) (build 21.0.7+6-LTS)
# Java VM: OpenJDK 64-Bit Server VM Temurin-21.0.7+6 (21.0.7+6-LTS, mixed mode, sharing, tiered, compressed oops, compressed class ptrs, parallel gc, windows-amd64)
# No core dump will be written. Minidumps are not enabled by default on client versions of Windows
#

---------------  S U M M A R Y ------------

Command Line: --add-modules=ALL-SYSTEM --add-opens=java.base/java.util=ALL-UNNAMED --add-opens=java.base/java.lang=ALL-UNNAMED --add-opens=java.base/sun.nio.fs=ALL-UNNAMED -Declipse.application=org.eclipse.jdt.ls.core.id1 -Dosgi.bundles.defaultStartLevel=4 -Declipse.product=org.eclipse.jdt.ls.core.product -Djava.import.generatesMetadataFilesAtProjectRoot=false -DDetectVMInstallationsJob.disabled=true -Dfile.encoding=utf8 -XX:+UseParallelGC -XX:GCTimeRatio=4 -XX:AdaptiveSizePolicyWeight=90 -Dsun.zip.disableMemoryMapping=true -Xmx1G -Xms100m -Xlog:disable -javaagent:c:\Users\david\.vscode\extensions\redhat.java-1.42.0-win32-x64\lombok\lombok-1.18.36.jar c:\Users\david\.vscode\extensions\redhat.java-1.42.0-win32-x64\server\plugins\org.eclipse.equinox.launcher_1.7.0.v20250424-1814.jar -configuration c:\Users\david\AppData\Roaming\Code\User\globalStorage\redhat.java\1.42.0\config_ss_win -data c:\Users\david\AppData\Roaming\Code\User\workspaceStorage\87b60a3fb22a96f2e3d81b46f5454791\redhat.java\ss_ws --pipe=\\.\pipe\lsp-7c55aad87f1bb562bf793ebc20f52af9-sock

Host: Intel(R) Core(TM) i3-1005G1 CPU @ 1.20GHz, 4 cores, 3G,  Windows 11 , 64 bit Build 22621 (10.0.22621.5262)
Time: Mon Jun  2 01:18:57 2025 Hora est. Sudamérica Pacífico elapsed time: 168.513899 seconds (0d 0h 2m 48s)

---------------  T H R E A D  ---------------

Current thread (0x000001e84a1e5130):  JavaThread "C2 CompilerThread0" daemon [_thread_in_native, id=15212, stack(0x0000005a4ab00000,0x0000005a4ac00000) (1024K)]


Current CompileTask:
C2:168515 6253       4       lombok.eclipse.EclipseAST::buildStatement (57 bytes)

Stack: [0x0000005a4ab00000,0x0000005a4ac00000]
Native frames: (J=compiled Java code, j=interpreted, Vv=VM code, C=native code)
V  [jvm.dll+0x6ce119]
V  [jvm.dll+0x8a84a1]
V  [jvm.dll+0x8aa9ce]
V  [jvm.dll+0x8ab0b3]
V  [jvm.dll+0x27f8a6]
V  [jvm.dll+0xc507d]
V  [jvm.dll+0xc55b3]
V  [jvm.dll+0xc51a5]
V  [jvm.dll+0x6a96fc]
V  [jvm.dll+0x24f3a9]
V  [jvm.dll+0x65d182]
V  [jvm.dll+0x65bfef]
V  [jvm.dll+0x247975]
V  [jvm.dll+0x2470cf]
V  [jvm.dll+0x1c760e]
V  [jvm.dll+0x25695a]
V  [jvm.dll+0x254efa]
V  [jvm.dll+0x3f03f6]
V  [jvm.dll+0x851f6b]
V  [jvm.dll+0x6cc7dd]
C  [ucrtbase.dll+0x29333]
C  [KERNEL32.DLL+0x1259d]
C  [ntdll.dll+0x5af58]


---------------  P R O C E S S  ---------------

Threads class SMR info:
_java_thread_list=0x000001e89be2dce0, length=29, elements={
0x000001e835eac310, 0x000001e84a1d9a10, 0x000001e84a1db6a0, 0x000001e84a1dd6a0,
0x000001e84a1df6b0, 0x000001e84a1e06b0, 0x000001e84a1e4210, 0x000001e84a1e5130,
0x000001e84a255d00, 0x000001e89004c5b0, 0x000001e8902864c0, 0x000001e8907eb700,
0x000001e8907ee4f0, 0x000001e8907ed7d0, 0x000001e8907ebd90, 0x000001e8907ec420,
0x000001e8907ed140, 0x000001e8907eb070, 0x000001e8911b9070, 0x000001e8911bd210,
0x000001e8911b9700, 0x000001e8911ba420, 0x000001e8911bec50, 0x000001e8911b9d90,
0x000001e8911bdf30, 0x000001e8911be5c0, 0x000001e8911bd8a0, 0x000001e8911c0000,
0x000001e8911bf2e0
}

Java Threads: ( => current thread )
  0x000001e835eac310 JavaThread "main"                              [_thread_blocked, id=3664, stack(0x0000005a4a100000,0x0000005a4a200000) (1024K)]
  0x000001e84a1d9a10 JavaThread "Reference Handler"          daemon [_thread_blocked, id=11660, stack(0x0000005a4a500000,0x0000005a4a600000) (1024K)]
  0x000001e84a1db6a0 JavaThread "Finalizer"                  daemon [_thread_blocked, id=12700, stack(0x0000005a4a600000,0x0000005a4a700000) (1024K)]
  0x000001e84a1dd6a0 JavaThread "Signal Dispatcher"          daemon [_thread_blocked, id=8908, stack(0x0000005a4a700000,0x0000005a4a800000) (1024K)]
  0x000001e84a1df6b0 JavaThread "Attach Listener"            daemon [_thread_blocked, id=14532, stack(0x0000005a4a800000,0x0000005a4a900000) (1024K)]
  0x000001e84a1e06b0 JavaThread "Service Thread"             daemon [_thread_blocked, id=10224, stack(0x0000005a4a900000,0x0000005a4aa00000) (1024K)]
  0x000001e84a1e4210 JavaThread "Monitor Deflation Thread"   daemon [_thread_blocked, id=1416, stack(0x0000005a4aa00000,0x0000005a4ab00000) (1024K)]
=>0x000001e84a1e5130 JavaThread "C2 CompilerThread0"         daemon [_thread_in_native, id=15212, stack(0x0000005a4ab00000,0x0000005a4ac00000) (1024K)]
  0x000001e84a255d00 JavaThread "C1 CompilerThread0"         daemon [_thread_blocked, id=3096, stack(0x0000005a4ac00000,0x0000005a4ad00000) (1024K)]
  0x000001e89004c5b0 JavaThread "Common-Cleaner"             daemon [_thread_blocked, id=15892, stack(0x0000005a4ad00000,0x0000005a4ae00000) (1024K)]
  0x000001e8902864c0 JavaThread "Notification Thread"        daemon [_thread_blocked, id=11736, stack(0x0000005a4ae00000,0x0000005a4af00000) (1024K)]
  0x000001e8907eb700 JavaThread "Active Thread: Equinox Container: 2440c934-7ce9-4044-a3a9-ec01b5a3927c"        [_thread_blocked, id=9936, stack(0x0000005a4b200000,0x0000005a4b300000) (1024K)]
  0x000001e8907ee4f0 JavaThread "Framework Event Dispatcher: Equinox Container: 2440c934-7ce9-4044-a3a9-ec01b5a3927c" daemon [_thread_blocked, id=8068, stack(0x0000005a4b300000,0x0000005a4b400000) (1024K)]
  0x000001e8907ed7d0 JavaThread "Start Level: Equinox Container: 2440c934-7ce9-4044-a3a9-ec01b5a3927c" daemon [_thread_blocked, id=7096, stack(0x0000005a4b400000,0x0000005a4b500000) (1024K)]
  0x000001e8907ebd90 JavaThread "SCR Component Actor"        daemon [_thread_blocked, id=8008, stack(0x0000005a4b500000,0x0000005a4b600000) (1024K)]
  0x000001e8907ec420 JavaThread "Worker-JM"                         [_thread_blocked, id=16280, stack(0x0000005a4b700000,0x0000005a4b800000) (1024K)]
  0x000001e8907ed140 JavaThread "JNA Cleaner"                daemon [_thread_blocked, id=12328, stack(0x0000005a4b800000,0x0000005a4b900000) (1024K)]
  0x000001e8907eb070 JavaThread "Worker-1"                          [_thread_blocked, id=6776, stack(0x0000005a4ba00000,0x0000005a4bb00000) (1024K)]
  0x000001e8911b9070 JavaThread "Worker-2"                          [_thread_blocked, id=8608, stack(0x0000005a4b600000,0x0000005a4b700000) (1024K)]
  0x000001e8911bd210 JavaThread "Thread-2"                   daemon [_thread_in_native, id=11040, stack(0x0000005a4bb00000,0x0000005a4bc00000) (1024K)]
  0x000001e8911b9700 JavaThread "Thread-3"                   daemon [_thread_in_native, id=10436, stack(0x0000005a4bc00000,0x0000005a4bd00000) (1024K)]
  0x000001e8911ba420 JavaThread "Thread-4"                   daemon [_thread_in_native, id=6544, stack(0x0000005a4bd00000,0x0000005a4be00000) (1024K)]
  0x000001e8911bec50 JavaThread "Thread-5"                   daemon [_thread_in_native, id=940, stack(0x0000005a4be00000,0x0000005a4bf00000) (1024K)]
  0x000001e8911b9d90 JavaThread "Thread-6"                   daemon [_thread_in_native, id=3900, stack(0x0000005a4bf00000,0x0000005a4c000000) (1024K)]
  0x000001e8911bdf30 JavaThread "pool-2-thread-1"                   [_thread_blocked, id=2980, stack(0x0000005a4c000000,0x0000005a4c100000) (1024K)]
  0x000001e8911be5c0 JavaThread "WorkspaceEventsHandler"            [_thread_blocked, id=11652, stack(0x0000005a4c100000,0x0000005a4c200000) (1024K)]
  0x000001e8911bd8a0 JavaThread "pool-1-thread-1"                   [_thread_in_Java, id=10116, stack(0x0000005a4c200000,0x0000005a4c300000) (1024K)]
  0x000001e8911c0000 JavaThread "ForkJoinPool.commonPool-worker-1" daemon [_thread_blocked, id=17136, stack(0x0000005a4c300000,0x0000005a4c400000) (1024K)]
  0x000001e8911bf2e0 JavaThread "ForkJoinPool.commonPool-worker-2" daemon [_thread_blocked, id=3384, stack(0x0000005a4c400000,0x0000005a4c500000) (1024K)]
Total: 29

Other Threads:
  0x000001e835f6dfd0 VMThread "VM Thread"                           [id=5168, stack(0x0000005a4a400000,0x0000005a4a500000) (1024K)]
  0x000001e835f17450 WatcherThread "VM Periodic Task Thread"        [id=10952, stack(0x0000005a4a300000,0x0000005a4a400000) (1024K)]
  0x000001e835eca820 WorkerThread "GC Thread#0"                     [id=5920, stack(0x0000005a4a200000,0x0000005a4a300000) (1024K)]
  0x000001e89030a220 WorkerThread "GC Thread#1"                     [id=15088, stack(0x0000005a4af00000,0x0000005a4b000000) (1024K)]
  0x000001e89030a5c0 WorkerThread "GC Thread#2"                     [id=4768, stack(0x0000005a4b000000,0x0000005a4b100000) (1024K)]
  0x000001e89030a960 WorkerThread "GC Thread#3"                     [id=10064, stack(0x0000005a4b100000,0x0000005a4b200000) (1024K)]
Total: 6

Threads with active compile tasks:
C2 CompilerThread0  168614 6253       4       lombok.eclipse.EclipseAST::buildStatement (57 bytes)
Total: 1

VM state: not at safepoint (normal execution)

VM Mutex/Monitor currently owned by a thread: None

Heap address: 0x00000000c0000000, size: 1024 MB, Compressed Oops mode: 32-bit

CDS archive(s) mapped at: [0x000001e84b000000-0x000001e84bba0000-0x000001e84bba0000), size 12189696, SharedBaseAddress: 0x000001e84b000000, ArchiveRelocationMode: 1.
Compressed class space mapped at: 0x000001e84c000000-0x000001e88c000000, reserved size: 1073741824
Narrow klass base: 0x000001e84b000000, Narrow klass shift: 0, Narrow klass range: 0x100000000

GC Precious Log:
 CardTable entry size: 512
 CPUs: 4 total, 4 available
 Memory: 3891M
 Large Page Support: Disabled
 NUMA Support: Disabled
 Compressed Oops: Enabled (32-bit)
 Alignments: Space 512K, Generation 512K, Heap 2M
 Heap Min Capacity: 100M
 Heap Initial Capacity: 100M
 Heap Max Capacity: 1G
 Pre-touch: Disabled
 Parallel Workers: 4

Heap:
 PSYoungGen      total 21504K, used 6057K [0x00000000eab00000, 0x00000000ec280000, 0x0000000100000000)
  eden space 19968K, 23% used [0x00000000eab00000,0x00000000eaf87420,0x00000000ebe80000)
  from space 1536K, 92% used [0x00000000ebe80000,0x00000000ebfe3120,0x00000000ec000000)
  to   space 2048K, 0% used [0x00000000ec080000,0x00000000ec080000,0x00000000ec280000)
 ParOldGen       total 68608K, used 32173K [0x00000000c0000000, 0x00000000c4300000, 0x00000000eab00000)
  object space 68608K, 46% used [0x00000000c0000000,0x00000000c1f6b498,0x00000000c4300000)
 Metaspace       used 42869K, committed 43968K, reserved 1114112K
  class space    used 4195K, committed 4672K, reserved 1048576K

Card table byte_map: [0x000001e835850000,0x000001e835a60000] _byte_map_base: 0x000001e835250000

Marking Bits: (ParMarkBitMap*) 0x00007ffcbc7231f0
 Begin Bits: [0x000001e8480a0000, 0x000001e8490a0000)
 End Bits:   [0x000001e8490a0000, 0x000001e84a0a0000)

Polling page: 0x000001e833c40000

Metaspace:

Usage:
  Non-class:     37.77 MB used.
      Class:      4.10 MB used.
       Both:     41.87 MB used.

Virtual space:
  Non-class space:       64.00 MB reserved,      38.38 MB ( 60%) committed,  1 nodes.
      Class space:        1.00 GB reserved,       4.56 MB ( <1%) committed,  1 nodes.
             Both:        1.06 GB reserved,      42.94 MB (  4%) committed. 

Chunk freelists:
   Non-Class:  9.58 MB
       Class:  11.39 MB
        Both:  20.97 MB

MaxMetaspaceSize: unlimited
CompressedClassSpaceSize: 1.00 GB
Initial GC threshold: 21.00 MB
Current GC threshold: 58.38 MB
CDS: on
 - commit_granule_bytes: 65536.
 - commit_granule_words: 8192.
 - virtual_space_node_default_size: 8388608.
 - enlarge_chunks_in_place: 1.
 - use_allocation_guard: 0.


Internal statistics:

num_allocs_failed_limit: 6.
num_arena_births: 964.
num_arena_deaths: 92.
num_vsnodes_births: 2.
num_vsnodes_deaths: 0.
num_space_committed: 687.
num_space_uncommitted: 0.
num_chunks_returned_to_freelist: 129.
num_chunks_taken_from_freelist: 2911.
num_chunk_merges: 43.
num_chunk_splits: 1784.
num_chunks_enlarged: 1052.
num_inconsistent_stats: 0.

CodeHeap 'non-profiled nmethods': size=120000Kb used=3525Kb max_used=3525Kb free=116474Kb
 bounds [0x000001e840b70000, 0x000001e840ef0000, 0x000001e8480a0000]
CodeHeap 'profiled nmethods': size=120000Kb used=13352Kb max_used=13352Kb free=106647Kb
 bounds [0x000001e8390a0000, 0x000001e839db0000, 0x000001e8405d0000]
CodeHeap 'non-nmethods': size=5760Kb used=1414Kb max_used=1468Kb free=4345Kb
 bounds [0x000001e8405d0000, 0x000001e840840000, 0x000001e840b70000]
 total_blobs=6574 nmethods=5861 adapters=619
 compilation: enabled
              stopped_count=0, restarted_count=0
 full_count=0

Compilation events (20 events):
Event: 106.631 Thread 0x000001e84a255d00 nmethod 6243 0x000001e839d66d90 code [0x000001e839d66f40, 0x000001e839d67108]
Event: 165.541 Thread 0x000001e84a1e5130 6244       4       java.nio.ByteBuffer::arrayOffset (35 bytes)
Event: 165.555 Thread 0x000001e84a1e5130 nmethod 6244 0x000001e840ee1410 code [0x000001e840ee15a0, 0x000001e840ee1668]
Event: 166.302 Thread 0x000001e84a255d00 6245       3       java.lang.StringCoding::implEncodeAsciiArray (47 bytes)
Event: 166.305 Thread 0x000001e84a255d00 nmethod 6245 0x000001e839d67210 code [0x000001e839d673c0, 0x000001e839d675f8]
Event: 166.523 Thread 0x000001e84a255d00 6246       3       java.net.URI::needsNormalization (184 bytes)
Event: 166.544 Thread 0x000001e84a255d00 nmethod 6246 0x000001e839d67790 code [0x000001e839d67c20, 0x000001e839d6a3f8]
Event: 167.486 Thread 0x000001e84a255d00 6247       3       org.eclipse.jdt.internal.compiler.ast.ImportReference::<init> (62 bytes)
Event: 167.495 Thread 0x000001e84a255d00 nmethod 6247 0x000001e839d6b310 code [0x000001e839d6b4c0, 0x000001e839d6b768]
Event: 167.537 Thread 0x000001e84a255d00 6248       3       org.eclipse.jdt.internal.compiler.parser.Parser::consumeRule (7748 bytes)
Event: 167.707 Thread 0x000001e84a255d00 nmethod 6248 0x000001e839d6b890 code [0x000001e839d70820, 0x000001e839da2070]
Event: 167.708 Thread 0x000001e84a255d00 6251       3       org.eclipse.jdt.internal.core.util.CommentRecorderParser::pushOnCommentsStack (230 bytes)
Event: 167.711 Thread 0x000001e84a255d00 nmethod 6251 0x000001e839da8190 code [0x000001e839da83a0, 0x000001e839da8b30]
Event: 167.711 Thread 0x000001e84a255d00 6249       3       org.eclipse.jdt.internal.compiler.parser.Parser::pushOnGenericsIdentifiersLengthStack (53 bytes)
Event: 167.712 Thread 0x000001e84a255d00 nmethod 6249 0x000001e839da8f10 code [0x000001e839da90c0, 0x000001e839da93a0]
Event: 167.712 Thread 0x000001e84a255d00 6250       3       org.eclipse.jdt.internal.compiler.parser.Parser::pushOnGenericsLengthStack (53 bytes)
Event: 167.712 Thread 0x000001e84a255d00 nmethod 6250 0x000001e839da9510 code [0x000001e839da96c0, 0x000001e839da99a0]
Event: 167.712 Thread 0x000001e84a255d00 6252       3       org.eclipse.jdt.internal.compiler.ast.SingleMemberAnnotation::<init> (23 bytes)
Event: 167.720 Thread 0x000001e84a255d00 nmethod 6252 0x000001e839da9b10 code [0x000001e839da9ce0, 0x000001e839daa028]
Event: 167.962 Thread 0x000001e84a1e5130 6253       4       lombok.eclipse.EclipseAST::buildStatement (57 bytes)

GC Heap History (20 events):
Event: 31.448 GC heap before
{Heap before GC invocations=18 (full 1):
 PSYoungGen      total 23552K, used 23448K [0x00000000eab00000, 0x00000000ec500000, 0x0000000100000000)
  eden space 21504K, 100% used [0x00000000eab00000,0x00000000ec000000,0x00000000ec000000)
  from space 2048K, 94% used [0x00000000ec300000,0x00000000ec4e6200,0x00000000ec500000)
  to   space 2048K, 0% used [0x00000000ec100000,0x00000000ec100000,0x00000000ec300000)
 ParOldGen       total 68608K, used 26708K [0x00000000c0000000, 0x00000000c4300000, 0x00000000eab00000)
  object space 68608K, 38% used [0x00000000c0000000,0x00000000c1a15320,0x00000000c4300000)
 Metaspace       used 33984K, committed 34944K, reserved 1114112K
  class space    used 3377K, committed 3776K, reserved 1048576K
}
Event: 31.454 GC heap after
{Heap after GC invocations=18 (full 1):
 PSYoungGen      total 23040K, used 1396K [0x00000000eab00000, 0x00000000ec400000, 0x0000000100000000)
  eden space 21504K, 0% used [0x00000000eab00000,0x00000000eab00000,0x00000000ec000000)
  from space 1536K, 90% used [0x00000000ec100000,0x00000000ec25d3c8,0x00000000ec280000)
  to   space 1536K, 0% used [0x00000000ec280000,0x00000000ec280000,0x00000000ec400000)
 ParOldGen       total 68608K, used 28613K [0x00000000c0000000, 0x00000000c4300000, 0x00000000eab00000)
  object space 68608K, 41% used [0x00000000c0000000,0x00000000c1bf1520,0x00000000c4300000)
 Metaspace       used 33984K, committed 34944K, reserved 1114112K
  class space    used 3377K, committed 3776K, reserved 1048576K
}
Event: 31.824 GC heap before
{Heap before GC invocations=19 (full 1):
 PSYoungGen      total 23040K, used 9228K [0x00000000eab00000, 0x00000000ec400000, 0x0000000100000000)
  eden space 21504K, 36% used [0x00000000eab00000,0x00000000eb2a5d00,0x00000000ec000000)
  from space 1536K, 90% used [0x00000000ec100000,0x00000000ec25d3c8,0x00000000ec280000)
  to   space 1536K, 0% used [0x00000000ec280000,0x00000000ec280000,0x00000000ec400000)
 ParOldGen       total 68608K, used 28613K [0x00000000c0000000, 0x00000000c4300000, 0x00000000eab00000)
  object space 68608K, 41% used [0x00000000c0000000,0x00000000c1bf1520,0x00000000c4300000)
 Metaspace       used 34859K, committed 35840K, reserved 1114112K
  class space    used 3453K, committed 3904K, reserved 1048576K
}
Event: 31.827 GC heap after
{Heap after GC invocations=19 (full 1):
 PSYoungGen      total 22016K, used 224K [0x00000000eab00000, 0x00000000ec300000, 0x0000000100000000)
  eden space 21504K, 0% used [0x00000000eab00000,0x00000000eab00000,0x00000000ec000000)
  from space 512K, 43% used [0x00000000ec280000,0x00000000ec2b8010,0x00000000ec300000)
  to   space 1024K, 0% used [0x00000000ec100000,0x00000000ec100000,0x00000000ec200000)
 ParOldGen       total 68608K, used 29945K [0x00000000c0000000, 0x00000000c4300000, 0x00000000eab00000)
  object space 68608K, 43% used [0x00000000c0000000,0x00000000c1d3e778,0x00000000c4300000)
 Metaspace       used 34859K, committed 35840K, reserved 1114112K
  class space    used 3453K, committed 3904K, reserved 1048576K
}
Event: 31.827 GC heap before
{Heap before GC invocations=20 (full 2):
 PSYoungGen      total 22016K, used 224K [0x00000000eab00000, 0x00000000ec300000, 0x0000000100000000)
  eden space 21504K, 0% used [0x00000000eab00000,0x00000000eab00000,0x00000000ec000000)
  from space 512K, 43% used [0x00000000ec280000,0x00000000ec2b8010,0x00000000ec300000)
  to   space 1024K, 0% used [0x00000000ec100000,0x00000000ec100000,0x00000000ec200000)
 ParOldGen       total 68608K, used 29945K [0x00000000c0000000, 0x00000000c4300000, 0x00000000eab00000)
  object space 68608K, 43% used [0x00000000c0000000,0x00000000c1d3e778,0x00000000c4300000)
 Metaspace       used 34859K, committed 35840K, reserved 1114112K
  class space    used 3453K, committed 3904K, reserved 1048576K
}
Event: 31.915 GC heap after
{Heap after GC invocations=20 (full 2):
 PSYoungGen      total 22016K, used 0K [0x00000000eab00000, 0x00000000ec300000, 0x0000000100000000)
  eden space 21504K, 0% used [0x00000000eab00000,0x00000000eab00000,0x00000000ec000000)
  from space 512K, 0% used [0x00000000ec280000,0x00000000ec280000,0x00000000ec300000)
  to   space 1024K, 0% used [0x00000000ec100000,0x00000000ec100000,0x00000000ec200000)
 ParOldGen       total 68608K, used 28511K [0x00000000c0000000, 0x00000000c4300000, 0x00000000eab00000)
  object space 68608K, 41% used [0x00000000c0000000,0x00000000c1bd7f40,0x00000000c4300000)
 Metaspace       used 34789K, committed 35840K, reserved 1114112K
  class space    used 3434K, committed 3904K, reserved 1048576K
}
Event: 33.669 GC heap before
{Heap before GC invocations=21 (full 2):
 PSYoungGen      total 22016K, used 21504K [0x00000000eab00000, 0x00000000ec300000, 0x0000000100000000)
  eden space 21504K, 100% used [0x00000000eab00000,0x00000000ec000000,0x00000000ec000000)
  from space 512K, 0% used [0x00000000ec280000,0x00000000ec280000,0x00000000ec300000)
  to   space 1024K, 0% used [0x00000000ec100000,0x00000000ec100000,0x00000000ec200000)
 ParOldGen       total 68608K, used 28511K [0x00000000c0000000, 0x00000000c4300000, 0x00000000eab00000)
  object space 68608K, 41% used [0x00000000c0000000,0x00000000c1bd7f40,0x00000000c4300000)
 Metaspace       used 35855K, committed 36864K, reserved 1114112K
  class space    used 3557K, committed 3968K, reserved 1048576K
}
Event: 33.670 GC heap after
{Heap after GC invocations=21 (full 2):
 PSYoungGen      total 22528K, used 384K [0x00000000eab00000, 0x00000000ec300000, 0x0000000100000000)
  eden space 21504K, 0% used [0x00000000eab00000,0x00000000eab00000,0x00000000ec000000)
  from space 1024K, 37% used [0x00000000ec100000,0x00000000ec160000,0x00000000ec200000)
  to   space 512K, 0% used [0x00000000ec280000,0x00000000ec280000,0x00000000ec300000)
 ParOldGen       total 68608K, used 28519K [0x00000000c0000000, 0x00000000c4300000, 0x00000000eab00000)
  object space 68608K, 41% used [0x00000000c0000000,0x00000000c1bd9f40,0x00000000c4300000)
 Metaspace       used 35855K, committed 36864K, reserved 1114112K
  class space    used 3557K, committed 3968K, reserved 1048576K
}
Event: 34.280 GC heap before
{Heap before GC invocations=22 (full 2):
 PSYoungGen      total 22528K, used 21888K [0x00000000eab00000, 0x00000000ec300000, 0x0000000100000000)
  eden space 21504K, 100% used [0x00000000eab00000,0x00000000ec000000,0x00000000ec000000)
  from space 1024K, 37% used [0x00000000ec100000,0x00000000ec160000,0x00000000ec200000)
  to   space 512K, 0% used [0x00000000ec280000,0x00000000ec280000,0x00000000ec300000)
 ParOldGen       total 68608K, used 28519K [0x00000000c0000000, 0x00000000c4300000, 0x00000000eab00000)
  object space 68608K, 41% used [0x00000000c0000000,0x00000000c1bd9f40,0x00000000c4300000)
 Metaspace       used 37067K, committed 38080K, reserved 1114112K
  class space    used 3652K, committed 4096K, reserved 1048576K
}
Event: 34.288 GC heap after
{Heap after GC invocations=22 (full 2):
 PSYoungGen      total 22016K, used 495K [0x00000000eab00000, 0x00000000ec400000, 0x0000000100000000)
  eden space 21504K, 0% used [0x00000000eab00000,0x00000000eab00000,0x00000000ec000000)
  from space 512K, 96% used [0x00000000ec280000,0x00000000ec2fbf20,0x00000000ec300000)
  to   space 2048K, 0% used [0x00000000ec000000,0x00000000ec000000,0x00000000ec200000)
 ParOldGen       total 68608K, used 29616K [0x00000000c0000000, 0x00000000c4300000, 0x00000000eab00000)
  object space 68608K, 43% used [0x00000000c0000000,0x00000000c1cec200,0x00000000c4300000)
 Metaspace       used 37067K, committed 38080K, reserved 1114112K
  class space    used 3652K, committed 4096K, reserved 1048576K
}
Event: 34.618 GC heap before
{Heap before GC invocations=23 (full 2):
 PSYoungGen      total 22016K, used 21999K [0x00000000eab00000, 0x00000000ec400000, 0x0000000100000000)
  eden space 21504K, 100% used [0x00000000eab00000,0x00000000ec000000,0x00000000ec000000)
  from space 512K, 96% used [0x00000000ec280000,0x00000000ec2fbf20,0x00000000ec300000)
  to   space 2048K, 0% used [0x00000000ec000000,0x00000000ec000000,0x00000000ec200000)
 ParOldGen       total 68608K, used 29616K [0x00000000c0000000, 0x00000000c4300000, 0x00000000eab00000)
  object space 68608K, 43% used [0x00000000c0000000,0x00000000c1cec200,0x00000000c4300000)
 Metaspace       used 37212K, committed 38208K, reserved 1114112K
  class space    used 3661K, committed 4096K, reserved 1048576K
}
Event: 34.619 GC heap after
{Heap after GC invocations=23 (full 2):
 PSYoungGen      total 23040K, used 1033K [0x00000000eab00000, 0x00000000ec300000, 0x0000000100000000)
  eden space 21504K, 0% used [0x00000000eab00000,0x00000000eab00000,0x00000000ec000000)
  from space 1536K, 67% used [0x00000000ec000000,0x00000000ec1027a0,0x00000000ec180000)
  to   space 1536K, 0% used [0x00000000ec180000,0x00000000ec180000,0x00000000ec300000)
 ParOldGen       total 68608K, used 29926K [0x00000000c0000000, 0x00000000c4300000, 0x00000000eab00000)
  object space 68608K, 43% used [0x00000000c0000000,0x00000000c1d39ba0,0x00000000c4300000)
 Metaspace       used 37212K, committed 38208K, reserved 1114112K
  class space    used 3661K, committed 4096K, reserved 1048576K
}
Event: 36.471 GC heap before
{Heap before GC invocations=24 (full 2):
 PSYoungGen      total 23040K, used 22537K [0x00000000eab00000, 0x00000000ec300000, 0x0000000100000000)
  eden space 21504K, 100% used [0x00000000eab00000,0x00000000ec000000,0x00000000ec000000)
  from space 1536K, 67% used [0x00000000ec000000,0x00000000ec1027a0,0x00000000ec180000)
  to   space 1536K, 0% used [0x00000000ec180000,0x00000000ec180000,0x00000000ec300000)
 ParOldGen       total 68608K, used 29926K [0x00000000c0000000, 0x00000000c4300000, 0x00000000eab00000)
  object space 68608K, 43% used [0x00000000c0000000,0x00000000c1d39ba0,0x00000000c4300000)
 Metaspace       used 39892K, committed 40896K, reserved 1114112K
  class space    used 3954K, committed 4352K, reserved 1048576K
}
Event: 36.475 GC heap after
{Heap after GC invocations=24 (full 2):
 PSYoungGen      total 23040K, used 1120K [0x00000000eab00000, 0x00000000ec300000, 0x0000000100000000)
  eden space 21504K, 0% used [0x00000000eab00000,0x00000000eab00000,0x00000000ec000000)
  from space 1536K, 72% used [0x00000000ec180000,0x00000000ec298020,0x00000000ec300000)
  to   space 1536K, 0% used [0x00000000ec000000,0x00000000ec000000,0x00000000ec180000)
 ParOldGen       total 68608K, used 29982K [0x00000000c0000000, 0x00000000c4300000, 0x00000000eab00000)
  object space 68608K, 43% used [0x00000000c0000000,0x00000000c1d47ba0,0x00000000c4300000)
 Metaspace       used 39892K, committed 40896K, reserved 1114112K
  class space    used 3954K, committed 4352K, reserved 1048576K
}
Event: 38.113 GC heap before
{Heap before GC invocations=25 (full 2):
 PSYoungGen      total 23040K, used 22624K [0x00000000eab00000, 0x00000000ec300000, 0x0000000100000000)
  eden space 21504K, 100% used [0x00000000eab00000,0x00000000ec000000,0x00000000ec000000)
  from space 1536K, 72% used [0x00000000ec180000,0x00000000ec298020,0x00000000ec300000)
  to   space 1536K, 0% used [0x00000000ec000000,0x00000000ec000000,0x00000000ec180000)
 ParOldGen       total 68608K, used 29982K [0x00000000c0000000, 0x00000000c4300000, 0x00000000eab00000)
  object space 68608K, 43% used [0x00000000c0000000,0x00000000c1d47ba0,0x00000000c4300000)
 Metaspace       used 40913K, committed 41984K, reserved 1114112K
  class space    used 4063K, committed 4544K, reserved 1048576K
}
Event: 38.116 GC heap after
{Heap after GC invocations=25 (full 2):
 PSYoungGen      total 22528K, used 953K [0x00000000eab00000, 0x00000000ec200000, 0x0000000100000000)
  eden space 21504K, 0% used [0x00000000eab00000,0x00000000eab00000,0x00000000ec000000)
  from space 1024K, 93% used [0x00000000ec000000,0x00000000ec0ee490,0x00000000ec100000)
  to   space 1024K, 0% used [0x00000000ec100000,0x00000000ec100000,0x00000000ec200000)
 ParOldGen       total 68608K, used 30939K [0x00000000c0000000, 0x00000000c4300000, 0x00000000eab00000)
  object space 68608K, 45% used [0x00000000c0000000,0x00000000c1e36f30,0x00000000c4300000)
 Metaspace       used 40913K, committed 41984K, reserved 1114112K
  class space    used 4063K, committed 4544K, reserved 1048576K
}
Event: 38.464 GC heap before
{Heap before GC invocations=26 (full 2):
 PSYoungGen      total 22528K, used 22457K [0x00000000eab00000, 0x00000000ec200000, 0x0000000100000000)
  eden space 21504K, 100% used [0x00000000eab00000,0x00000000ec000000,0x00000000ec000000)
  from space 1024K, 93% used [0x00000000ec000000,0x00000000ec0ee490,0x00000000ec100000)
  to   space 1024K, 0% used [0x00000000ec100000,0x00000000ec100000,0x00000000ec200000)
 ParOldGen       total 68608K, used 30939K [0x00000000c0000000, 0x00000000c4300000, 0x00000000eab00000)
  object space 68608K, 45% used [0x00000000c0000000,0x00000000c1e36f30,0x00000000c4300000)
 Metaspace       used 41113K, committed 42176K, reserved 1114112K
  class space    used 4074K, committed 4544K, reserved 1048576K
}
Event: 38.468 GC heap after
{Heap after GC invocations=26 (full 2):
 PSYoungGen      total 20992K, used 1024K [0x00000000eab00000, 0x00000000ec500000, 0x0000000100000000)
  eden space 19968K, 0% used [0x00000000eab00000,0x00000000eab00000,0x00000000ebe80000)
  from space 1024K, 100% used [0x00000000ec100000,0x00000000ec200000,0x00000000ec200000)
  to   space 2560K, 0% used [0x00000000ebe80000,0x00000000ebe80000,0x00000000ec100000)
 ParOldGen       total 68608K, used 31813K [0x00000000c0000000, 0x00000000c4300000, 0x00000000eab00000)
  object space 68608K, 46% used [0x00000000c0000000,0x00000000c1f11438,0x00000000c4300000)
 Metaspace       used 41113K, committed 42176K, reserved 1114112K
  class space    used 4074K, committed 4544K, reserved 1048576K
}
Event: 40.632 GC heap before
{Heap before GC invocations=27 (full 2):
 PSYoungGen      total 20992K, used 20992K [0x00000000eab00000, 0x00000000ec500000, 0x0000000100000000)
  eden space 19968K, 100% used [0x00000000eab00000,0x00000000ebe80000,0x00000000ebe80000)
  from space 1024K, 100% used [0x00000000ec100000,0x00000000ec200000,0x00000000ec200000)
  to   space 2560K, 0% used [0x00000000ebe80000,0x00000000ebe80000,0x00000000ec100000)
 ParOldGen       total 68608K, used 31813K [0x00000000c0000000, 0x00000000c4300000, 0x00000000eab00000)
  object space 68608K, 46% used [0x00000000c0000000,0x00000000c1f11438,0x00000000c4300000)
 Metaspace       used 42387K, committed 43456K, reserved 1114112K
  class space    used 4151K, committed 4608K, reserved 1048576K
}
Event: 40.639 GC heap after
{Heap after GC invocations=27 (full 2):
 PSYoungGen      total 21504K, used 1420K [0x00000000eab00000, 0x00000000ec280000, 0x0000000100000000)
  eden space 19968K, 0% used [0x00000000eab00000,0x00000000eab00000,0x00000000ebe80000)
  from space 1536K, 92% used [0x00000000ebe80000,0x00000000ebfe3120,0x00000000ec000000)
  to   space 2048K, 0% used [0x00000000ec080000,0x00000000ec080000,0x00000000ec280000)
 ParOldGen       total 68608K, used 32173K [0x00000000c0000000, 0x00000000c4300000, 0x00000000eab00000)
  object space 68608K, 46% used [0x00000000c0000000,0x00000000c1f6b498,0x00000000c4300000)
 Metaspace       used 42387K, committed 43456K, reserved 1114112K
  class space    used 4151K, committed 4608K, reserved 1048576K
}

Dll operation events (10 events):
Event: 0.066 Loaded shared library c:\Users\david\.vscode\extensions\redhat.java-1.42.0-win32-x64\jre\21.0.7-win32-x86_64\bin\java.dll
Event: 0.285 Loaded shared library c:\Users\david\.vscode\extensions\redhat.java-1.42.0-win32-x64\jre\21.0.7-win32-x86_64\bin\zip.dll
Event: 0.367 Loaded shared library C:\Users\david\.vscode\extensions\redhat.java-1.42.0-win32-x64\jre\21.0.7-win32-x86_64\bin\instrument.dll
Event: 0.378 Loaded shared library C:\Users\david\.vscode\extensions\redhat.java-1.42.0-win32-x64\jre\21.0.7-win32-x86_64\bin\net.dll
Event: 0.383 Loaded shared library C:\Users\david\.vscode\extensions\redhat.java-1.42.0-win32-x64\jre\21.0.7-win32-x86_64\bin\nio.dll
Event: 0.396 Loaded shared library C:\Users\david\.vscode\extensions\redhat.java-1.42.0-win32-x64\jre\21.0.7-win32-x86_64\bin\zip.dll
Event: 0.500 Loaded shared library C:\Users\david\.vscode\extensions\redhat.java-1.42.0-win32-x64\jre\21.0.7-win32-x86_64\bin\jimage.dll
Event: 0.851 Loaded shared library c:\Users\david\.vscode\extensions\redhat.java-1.42.0-win32-x64\jre\21.0.7-win32-x86_64\bin\verify.dll
Event: 5.653 Loaded shared library C:\Users\david\AppData\Roaming\Code\User\globalStorage\redhat.java\1.42.0\config_ss_win\org.eclipse.equinox.launcher\org.eclipse.equinox.launcher.win32.win32.x86_64_1.2.1300.v20250331-1702\eclipse_11911.dll
Event: 10.822 Loaded shared library C:\Users\david\AppData\Local\Temp\jna-95358580\jna12457070285478115122.dll

Deoptimization events (20 events):
Event: 40.689 Thread 0x000001e8911bf2e0 Uncommon trap: trap_request=0xffffffc6 fr.pc=0x000001e840e94db0 relative=0x0000000000006650
Event: 40.689 Thread 0x000001e8911bf2e0 Uncommon trap: reason=bimorphic_or_optimized_type_check action=maybe_recompile pc=0x000001e840e94db0 method=java.lang.reflect.Field.get(Ljava/lang/Object;)Ljava/lang/Object; @ 22 c2
Event: 40.689 Thread 0x000001e8911bf2e0 DEOPT PACKING pc=0x000001e840e94db0 sp=0x0000005a4c4fecd0
Event: 40.689 Thread 0x000001e8911bf2e0 DEOPT UNPACKING pc=0x000001e840626da2 sp=0x0000005a4c4fed40 mode 2
Event: 40.704 Thread 0x000001e8911bf2e0 DEOPT PACKING pc=0x000001e839bd06d6 sp=0x0000005a4c4fe1b0
Event: 40.704 Thread 0x000001e8911bf2e0 DEOPT UNPACKING pc=0x000001e8406278e2 sp=0x0000005a4c4fd648 mode 0
Event: 40.705 Thread 0x000001e8911bf2e0 DEOPT PACKING pc=0x000001e839bd06d6 sp=0x0000005a4c4fe750
Event: 40.705 Thread 0x000001e8911bf2e0 DEOPT UNPACKING pc=0x000001e8406278e2 sp=0x0000005a4c4fdbe8 mode 0
Event: 40.707 Thread 0x000001e8911bf2e0 DEOPT PACKING pc=0x000001e839bd06d6 sp=0x0000005a4c4fe780
Event: 40.707 Thread 0x000001e8911bf2e0 DEOPT UNPACKING pc=0x000001e8406278e2 sp=0x0000005a4c4fdc18 mode 0
Event: 58.386 Thread 0x000001e8911bf2e0 DEOPT PACKING pc=0x000001e8398281db sp=0x0000005a4c4fe990
Event: 58.386 Thread 0x000001e8911bf2e0 DEOPT UNPACKING pc=0x000001e8406278e2 sp=0x0000005a4c4fdec0 mode 0
Event: 167.496 Thread 0x000001e8911bd8a0 Uncommon trap: trap_request=0xffffff45 fr.pc=0x000001e840ea4078 relative=0x0000000000001018
Event: 167.499 Thread 0x000001e8911bd8a0 Uncommon trap: reason=unstable_if action=reinterpret pc=0x000001e840ea4078 method=org.eclipse.jdt.internal.compiler.parser.Parser.consumeRule(I)V @ 1 c2
Event: 167.500 Thread 0x000001e8911bd8a0 DEOPT PACKING pc=0x000001e840ea4078 sp=0x0000005a4c2fe010
Event: 167.501 Thread 0x000001e8911bd8a0 DEOPT UNPACKING pc=0x000001e840626da2 sp=0x0000005a4c2fdfb0 mode 2
Event: 167.734 Thread 0x000001e8911bd8a0 Uncommon trap: trap_request=0xfffffff4 fr.pc=0x000001e840e47b24 relative=0x0000000000001384
Event: 167.736 Thread 0x000001e8911bd8a0 Uncommon trap: reason=null_check action=make_not_entrant pc=0x000001e840e47b24 method=lombok.core.configuration.FileSystemSourceCache.ensureContent(Llombok/core/configuration/ConfigurationFile;)Llombok/core/configuration/FileSystemSourceCache$Content; @ 1
Event: 167.746 Thread 0x000001e8911bd8a0 DEOPT PACKING pc=0x000001e840e47b24 sp=0x0000005a4c2fd880
Event: 167.747 Thread 0x000001e8911bd8a0 DEOPT UNPACKING pc=0x000001e840626da2 sp=0x0000005a4c2fd668 mode 2

Classes loaded (20 events):
Event: 36.667 Loading class java/util/logging/Level$RbAccess
Event: 36.667 Loading class java/util/logging/Level$RbAccess done
Event: 36.668 Loading class sun/util/logging/resources/logging
Event: 36.668 Loading class sun/util/logging/resources/logging done
Event: 36.668 Loading class sun/util/logging/resources/logging_es
Event: 36.668 Loading class sun/util/logging/resources/logging_es done
Event: 36.669 Loading class sun/util/logging/resources/logging_es_CL
Event: 36.669 Loading class sun/util/logging/resources/logging_es_CL done
Event: 36.669 Loading class sun/util/logging/resources/logging_es_CL
Event: 36.669 Loading class sun/util/logging/resources/logging_es_CL done
Event: 36.671 Loading class java/util/Formatter$DateTime
Event: 36.672 Loading class java/util/Formatter$DateTime done
Event: 36.674 Loading class java/time/ZonedDateTime$1
Event: 36.674 Loading class java/time/ZonedDateTime$1 done
Event: 37.690 Loading class java/util/regex/Pattern$Pos
Event: 37.692 Loading class java/util/regex/Pattern$Pos done
Event: 39.427 Loading class java/io/FileReader
Event: 39.429 Loading class java/io/FileReader done
Event: 39.429 Loading class java/lang/UnsupportedClassVersionError
Event: 39.429 Loading class java/lang/UnsupportedClassVersionError done

Classes unloaded (20 events):
Event: 31.845 Thread 0x000001e835f6dfd0 Unloading class 0x000001e84c386400 'java/lang/invoke/LambdaForm$MH+0x000001e84c386400'
Event: 31.845 Thread 0x000001e835f6dfd0 Unloading class 0x000001e84c386000 'java/lang/invoke/LambdaForm$MH+0x000001e84c386000'
Event: 31.845 Thread 0x000001e835f6dfd0 Unloading class 0x000001e84c385c00 'java/lang/invoke/LambdaForm$MH+0x000001e84c385c00'
Event: 31.845 Thread 0x000001e835f6dfd0 Unloading class 0x000001e84c385400 'java/lang/invoke/LambdaForm$MH+0x000001e84c385400'
Event: 31.845 Thread 0x000001e835f6dfd0 Unloading class 0x000001e84c385000 'java/lang/invoke/LambdaForm$MH+0x000001e84c385000'
Event: 31.845 Thread 0x000001e835f6dfd0 Unloading class 0x000001e84c384c00 'java/lang/invoke/LambdaForm$MH+0x000001e84c384c00'
Event: 31.845 Thread 0x000001e835f6dfd0 Unloading class 0x000001e84c384400 'java/lang/invoke/LambdaForm$MH+0x000001e84c384400'
Event: 31.845 Thread 0x000001e835f6dfd0 Unloading class 0x000001e84c384000 'java/lang/invoke/LambdaForm$MH+0x000001e84c384000'
Event: 31.845 Thread 0x000001e835f6dfd0 Unloading class 0x000001e84c383c00 'java/lang/invoke/LambdaForm$MH+0x000001e84c383c00'
Event: 31.845 Thread 0x000001e835f6dfd0 Unloading class 0x000001e84c383400 'java/lang/invoke/LambdaForm$MH+0x000001e84c383400'
Event: 31.845 Thread 0x000001e835f6dfd0 Unloading class 0x000001e84c383000 'java/lang/invoke/LambdaForm$MH+0x000001e84c383000'
Event: 31.845 Thread 0x000001e835f6dfd0 Unloading class 0x000001e84c382c00 'java/lang/invoke/LambdaForm$MH+0x000001e84c382c00'
Event: 31.845 Thread 0x000001e835f6dfd0 Unloading class 0x000001e84c382400 'java/lang/invoke/LambdaForm$MH+0x000001e84c382400'
Event: 31.845 Thread 0x000001e835f6dfd0 Unloading class 0x000001e84c382000 'java/lang/invoke/LambdaForm$MH+0x000001e84c382000'
Event: 31.845 Thread 0x000001e835f6dfd0 Unloading class 0x000001e84c381c00 'java/lang/invoke/LambdaForm$MH+0x000001e84c381c00'
Event: 31.845 Thread 0x000001e835f6dfd0 Unloading class 0x000001e84c381400 'java/lang/invoke/LambdaForm$MH+0x000001e84c381400'
Event: 31.845 Thread 0x000001e835f6dfd0 Unloading class 0x000001e84c380c00 'java/lang/invoke/LambdaForm$MH+0x000001e84c380c00'
Event: 31.845 Thread 0x000001e835f6dfd0 Unloading class 0x000001e84c381000 'java/lang/invoke/LambdaForm$MH+0x000001e84c381000'
Event: 31.845 Thread 0x000001e835f6dfd0 Unloading class 0x000001e84c380400 'java/lang/invoke/LambdaForm$MH+0x000001e84c380400'
Event: 31.845 Thread 0x000001e835f6dfd0 Unloading class 0x000001e84c37dc00 'java/lang/invoke/LambdaForm$DMH+0x000001e84c37dc00'

Classes redefined (0 events):
No events

Internal exceptions (20 events):
Event: 35.961 Thread 0x000001e8911c0000 Exception <a 'java/lang/NoSuchMethodError'{0x00000000eb39d500}: 'java.lang.Object java.lang.invoke.DirectMethodHandle$Holder.invokeSpecial(java.lang.Object, java.lang.Object, java.lang.Object, java.lang.Object, int, java.lang.Object, java.lang.Object)'> (0x00000000eb39d500) 
thrown [s\src\hotspot\share\interpreter\linkResolver.cpp, line 773]
Event: 36.081 Thread 0x000001e8911baab0 Exception <a 'java/lang/NoSuchMethodError'{0x00000000eb8f5160}: 'int java.lang.invoke.DirectMethodHandle$Holder.invokeInterface(java.lang.Object, java.lang.Object)'> (0x00000000eb8f5160) 
thrown [s\src\hotspot\share\interpreter\linkResolver.cpp, line 773]
Event: 36.082 Thread 0x000001e8911baab0 Exception <a 'java/lang/IncompatibleClassChangeError'{0x00000000eb8f8430}: Found class java.lang.Object, but interface was expected> (0x00000000eb8f8430) 
thrown [s\src\hotspot\share\interpreter\linkResolver.cpp, line 840]
Event: 36.444 Thread 0x000001e8911baab0 Exception <a 'java/lang/NoSuchMethodError'{0x00000000ebf96520}: 'int java.lang.invoke.DirectMethodHandle$Holder.invokeSpecialIFC(java.lang.Object, java.lang.Object, java.lang.Object)'> (0x00000000ebf96520) 
thrown [s\src\hotspot\share\interpreter\linkResolver.cpp, line 773]
Event: 36.463 Thread 0x000001e8911baab0 Implicit null exception at 0x000001e840e0e04c to 0x000001e840e0ecfc
Event: 36.618 Thread 0x000001e8911baab0 Exception <a 'java/io/FileNotFoundException'{0x00000000eac0b2f8}> (0x00000000eac0b2f8) 
thrown [s\src\hotspot\share\prims\jni.cpp, line 520]
Event: 36.621 Thread 0x000001e8911baab0 Exception <a 'java/io/FileNotFoundException'{0x00000000eac0c5e0}> (0x00000000eac0c5e0) 
thrown [s\src\hotspot\share\prims\jni.cpp, line 520]
Event: 36.667 Thread 0x000001e8911bd8a0 Exception <a 'java/lang/ClassNotFoundException'{0x00000000eadd7a48}: sun/util/logging/resources/spi/loggingProvider> (0x00000000eadd7a48) 
thrown [s\src\hotspot\share\classfile\systemDictionary.cpp, line 312]
Event: 36.831 Thread 0x000001e8911baab0 Exception <a 'java/lang/LinkageError'{0x00000000eac1bf20}: loader lombok.launch.ShadowClassLoader @7c8e061c attempted duplicate class definition for lombok.launch.PatchFixesHider$Delegate. (lombok.launch.PatchFixesHider$Delegate is in unnamed module of loader lombok.launch.ShadowClassLoader @7c8e061c, parent loader org.eclipse.osgi.internal.loader.EquinoxClassLoader @5bfe81ff)> (0x00000000eac1bf20) 
thrown [s\src\hotspot\share\classfile\systemDictionary.cpp, line 1682]
Event: 37.265 Thread 0x000001e8907eb070 Exception <a 'java/io/FileNotFoundException'{0x00000000eb2f3068}> (0x00000000eb2f3068) 
thrown [s\src\hotspot\share\prims\jni.cpp, line 520]
Event: 37.266 Thread 0x000001e8907eb070 Exception <a 'java/io/FileNotFoundException'{0x00000000eb2f4308}> (0x00000000eb2f4308) 
thrown [s\src\hotspot\share\prims\jni.cpp, line 520]
Event: 37.266 Thread 0x000001e8907eb070 Exception <a 'java/io/FileNotFoundException'{0x00000000eb2f5308}> (0x00000000eb2f5308) 
thrown [s\src\hotspot\share\prims\jni.cpp, line 520]
Event: 37.794 Thread 0x000001e8911baab0 Exception <a 'java/lang/NoSuchMethodError'{0x00000000eb97d890}: 'java.lang.Object java.lang.invoke.DirectMethodHandle$Holder.invokeStatic(java.lang.Object, java.lang.Object, int, int)'> (0x00000000eb97d890) 
thrown [s\src\hotspot\share\interpreter\linkResolver.cpp, line 773]
Event: 37.794 Thread 0x000001e8911baab0 Exception <a 'java/lang/NoSuchMethodError'{0x00000000eb981c90}: 'java.lang.Object java.lang.invoke.DirectMethodHandle$Holder.invokeSpecial(java.lang.Object, java.lang.Object, java.lang.Object, int, int)'> (0x00000000eb981c90) 
thrown [s\src\hotspot\share\interpreter\linkResolver.cpp, line 773]
Event: 38.762 Thread 0x000001e8911bf2e0 Exception <a 'java/lang/LinkageError'{0x00000000eb472530}: loader lombok.launch.ShadowClassLoader @7ca18224 attempted duplicate class definition for lombok.launch.PatchFixesHider$PatchFixes. (lombok.launch.PatchFixesHider$PatchFixes is in unnamed module of loader lombok.launch.ShadowClassLoader @7ca18224, parent loader org.eclipse.osgi.internal.loader.EquinoxClassLoader @5957feca)> (0x00000000eb472530) 
thrown [s\src\hotspot\share\classfile\systemDictionary.cpp, line 1682]
Event: 38.986 Thread 0x000001e8911bd8a0 Exception <a 'java/lang/IncompatibleClassChangeError'{0x00000000eb6431e0}: Found class java.lang.Object, but interface was expected> (0x00000000eb6431e0) 
thrown [s\src\hotspot\share\interpreter\linkResolver.cpp, line 840]
Event: 38.992 Thread 0x000001e8911bd8a0 Exception <a 'java/lang/IncompatibleClassChangeError'{0x00000000eb652f38}: Found class java.lang.Object, but interface was expected> (0x00000000eb652f38) 
thrown [s\src\hotspot\share\interpreter\linkResolver.cpp, line 840]
Event: 39.304 Thread 0x000001e8911baab0 Exception <a 'java/lang/ArrayIndexOutOfBoundsException'{0x00000000eba12170}> (0x00000000eba12170) 
thrown [s\src\hotspot\share\runtime\sharedRuntime.cpp, line 625]
Event: 39.543 Thread 0x000001e8911bf2e0 Exception <a 'java/lang/NoSuchMethodError'{0x00000000ebb2f368}: 'int java.lang.invoke.Invokers$Holder.invokeExact_MT(java.lang.Object, java.lang.Object)'> (0x00000000ebb2f368) 
thrown [s\src\hotspot\share\interpreter\linkResolver.cpp, line 773]
Event: 55.459 Thread 0x000001e8911bd8a0 Exception <a 'java/lang/IncompatibleClassChangeError'{0x00000000eac331d0}: Found class java.lang.Object, but interface was expected> (0x00000000eac331d0) 
thrown [s\src\hotspot\share\interpreter\linkResolver.cpp, line 840]

ZGC Phase Switch (0 events):
No events

VM Operations (20 events):
Event: 87.589 Executing VM operation: Cleanup
Event: 87.605 Executing VM operation: Cleanup done
Event: 88.620 Executing VM operation: Cleanup
Event: 88.620 Executing VM operation: Cleanup done
Event: 101.675 Executing VM operation: Cleanup
Event: 101.691 Executing VM operation: Cleanup done
Event: 102.693 Executing VM operation: Cleanup
Event: 102.693 Executing VM operation: Cleanup done
Event: 105.712 Executing VM operation: Cleanup
Event: 105.729 Executing VM operation: Cleanup done
Event: 120.330 Executing VM operation: HandshakeAllThreads (HandshakeForDeflation)
Event: 120.335 Executing VM operation: HandshakeAllThreads (HandshakeForDeflation) done
Event: 120.335 Executing VM operation: RendezvousGCThreads
Event: 120.335 Executing VM operation: RendezvousGCThreads done
Event: 165.743 Executing VM operation: Cleanup
Event: 165.806 Executing VM operation: Cleanup done
Event: 166.816 Executing VM operation: Cleanup
Event: 166.832 Executing VM operation: Cleanup done
Event: 167.846 Executing VM operation: Cleanup
Event: 167.846 Executing VM operation: Cleanup done

Memory protections (0 events):
No events

Nmethod flushes (20 events):
Event: 31.861 Thread 0x000001e835f6dfd0 flushing  nmethod 0x000001e8393b7090
Event: 31.861 Thread 0x000001e835f6dfd0 flushing  nmethod 0x000001e8393bad90
Event: 31.861 Thread 0x000001e835f6dfd0 flushing  nmethod 0x000001e8393bbf90
Event: 31.861 Thread 0x000001e835f6dfd0 flushing  nmethod 0x000001e8393bc590
Event: 31.861 Thread 0x000001e835f6dfd0 flushing  nmethod 0x000001e8393bf410
Event: 31.861 Thread 0x000001e835f6dfd0 flushing  nmethod 0x000001e8393c8690
Event: 31.861 Thread 0x000001e835f6dfd0 flushing  nmethod 0x000001e8393eff10
Event: 31.861 Thread 0x000001e835f6dfd0 flushing  nmethod 0x000001e8393f0210
Event: 31.861 Thread 0x000001e835f6dfd0 flushing  nmethod 0x000001e839406010
Event: 31.861 Thread 0x000001e835f6dfd0 flushing  nmethod 0x000001e839474090
Event: 31.861 Thread 0x000001e835f6dfd0 flushing  nmethod 0x000001e8394d0790
Event: 31.861 Thread 0x000001e835f6dfd0 flushing  nmethod 0x000001e8394d0c10
Event: 31.861 Thread 0x000001e835f6dfd0 flushing  nmethod 0x000001e8394ffe90
Event: 31.861 Thread 0x000001e835f6dfd0 flushing  nmethod 0x000001e839500890
Event: 31.861 Thread 0x000001e835f6dfd0 flushing  nmethod 0x000001e839506810
Event: 31.861 Thread 0x000001e835f6dfd0 flushing  nmethod 0x000001e83954b590
Event: 31.861 Thread 0x000001e835f6dfd0 flushing  nmethod 0x000001e83954ce90
Event: 31.861 Thread 0x000001e835f6dfd0 flushing  nmethod 0x000001e839589010
Event: 31.861 Thread 0x000001e835f6dfd0 flushing  nmethod 0x000001e83959ca10
Event: 31.861 Thread 0x000001e835f6dfd0 flushing  nmethod 0x000001e8395a2490

Events (20 events):
Event: 11.057 Thread 0x000001e8907ed7d0 Thread added: 0x000001e8907ed140
Event: 11.276 Thread 0x000001e8907ed7d0 Thread added: 0x000001e8907ecab0
Event: 11.400 Thread 0x000001e8907ed7d0 Thread added: 0x000001e8907eb070
Event: 15.850 Thread 0x000001e8907ed7d0 Thread added: 0x000001e8911bec50
Event: 17.898 Thread 0x000001e8907ede60 Thread exited: 0x000001e8907ede60
Event: 17.913 Thread 0x000001e8907ecab0 Thread added: 0x000001e8911b9070
Event: 18.484 Thread 0x000001e8911bec50 Thread exited: 0x000001e8911bec50
Event: 21.111 Thread 0x000001e835eac310 Thread added: 0x000001e8911bd210
Event: 21.111 Thread 0x000001e835eac310 Thread added: 0x000001e8911b9700
Event: 21.111 Thread 0x000001e835eac310 Thread added: 0x000001e8911ba420
Event: 21.111 Thread 0x000001e835eac310 Thread added: 0x000001e8911bec50
Event: 21.111 Thread 0x000001e835eac310 Thread added: 0x000001e8911b9d90
Event: 21.145 Thread 0x000001e835eac310 Thread added: 0x000001e8911bdf30
Event: 23.392 Thread 0x000001e835eac310 Thread added: 0x000001e8911be5c0
Event: 23.393 Thread 0x000001e835eac310 Thread added: 0x000001e8911bd8a0
Event: 25.253 Thread 0x000001e8911bd8a0 Thread added: 0x000001e8911c0000
Event: 25.275 Thread 0x000001e8911c0000 Thread added: 0x000001e8911bf2e0
Event: 25.317 Thread 0x000001e8911bf2e0 Thread added: 0x000001e8911baab0
Event: 97.356 Thread 0x000001e8907ecab0 Thread exited: 0x000001e8907ecab0
Event: 163.017 Thread 0x000001e8911baab0 Thread exited: 0x000001e8911baab0


Dynamic libraries:
0x00007ff6800b0000 - 0x00007ff6800be000 	c:\Users\david\.vscode\extensions\redhat.java-1.42.0-win32-x64\jre\21.0.7-win32-x86_64\bin\java.exe
0x00007ffd12fd0000 - 0x00007ffd131e7000 	C:\WINDOWS\SYSTEM32\ntdll.dll
0x00007ffd11d30000 - 0x00007ffd11df4000 	C:\WINDOWS\System32\KERNEL32.DLL
0x00007ffd105f0000 - 0x00007ffd109c3000 	C:\WINDOWS\System32\KERNELBASE.dll
0x00007ffd10b40000 - 0x00007ffd10c51000 	C:\WINDOWS\System32\ucrtbase.dll
0x00007ffd0b140000 - 0x00007ffd0b158000 	c:\Users\david\.vscode\extensions\redhat.java-1.42.0-win32-x64\jre\21.0.7-win32-x86_64\bin\jli.dll
0x00007ffd115a0000 - 0x00007ffd11751000 	C:\WINDOWS\System32\USER32.dll
0x00007ffd10410000 - 0x00007ffd10436000 	C:\WINDOWS\System32\win32u.dll
0x00007ffd126b0000 - 0x00007ffd126d9000 	C:\WINDOWS\System32\GDI32.dll
0x00007ffd104c0000 - 0x00007ffd105e2000 	C:\WINDOWS\System32\gdi32full.dll
0x00007ffd10230000 - 0x00007ffd102ca000 	C:\WINDOWS\System32\msvcp_win.dll
0x00007ffd0a210000 - 0x00007ffd0a22e000 	c:\Users\david\.vscode\extensions\redhat.java-1.42.0-win32-x64\jre\21.0.7-win32-x86_64\bin\VCRUNTIME140.dll
0x00007ffcffe20000 - 0x00007ffd000bb000 	C:\WINDOWS\WinSxS\amd64_microsoft.windows.common-controls_6595b64144ccf1df_6.0.22621.5262_none_2712bde373830908\COMCTL32.dll
0x00007ffd11f60000 - 0x00007ffd12007000 	C:\WINDOWS\System32\msvcrt.dll
0x00007ffd11e00000 - 0x00007ffd11e31000 	C:\WINDOWS\System32\IMM32.DLL
0x00007ffd0bd50000 - 0x00007ffd0bd5c000 	c:\Users\david\.vscode\extensions\redhat.java-1.42.0-win32-x64\jre\21.0.7-win32-x86_64\bin\vcruntime140_1.dll
0x00007ffcfd2d0000 - 0x00007ffcfd35d000 	c:\Users\david\.vscode\extensions\redhat.java-1.42.0-win32-x64\jre\21.0.7-win32-x86_64\bin\msvcp140.dll
0x00007ffcbba70000 - 0x00007ffcbc800000 	c:\Users\david\.vscode\extensions\redhat.java-1.42.0-win32-x64\jre\21.0.7-win32-x86_64\bin\server\jvm.dll
0x00007ffd11880000 - 0x00007ffd11931000 	C:\WINDOWS\System32\ADVAPI32.dll
0x00007ffd11280000 - 0x00007ffd11327000 	C:\WINDOWS\System32\sechost.dll
0x00007ffd109d0000 - 0x00007ffd109f8000 	C:\WINDOWS\System32\bcrypt.dll
0x00007ffd11160000 - 0x00007ffd11274000 	C:\WINDOWS\System32\RPCRT4.dll
0x00007ffd110e0000 - 0x00007ffd11151000 	C:\WINDOWS\System32\WS2_32.dll
0x00007ffd0ff90000 - 0x00007ffd0ffdd000 	C:\WINDOWS\SYSTEM32\POWRPROF.dll
0x00007ffd084a0000 - 0x00007ffd084d4000 	C:\WINDOWS\SYSTEM32\WINMM.dll
0x00007ffd05d40000 - 0x00007ffd05d4a000 	C:\WINDOWS\SYSTEM32\VERSION.dll
0x00007ffd0ff70000 - 0x00007ffd0ff83000 	C:\WINDOWS\SYSTEM32\UMPDC.dll
0x00007ffd0f100000 - 0x00007ffd0f118000 	C:\WINDOWS\SYSTEM32\kernel.appcore.dll
0x00007ffd0b0f0000 - 0x00007ffd0b0fa000 	c:\Users\david\.vscode\extensions\redhat.java-1.42.0-win32-x64\jre\21.0.7-win32-x86_64\bin\jimage.dll
0x00007ffd0db60000 - 0x00007ffd0dd92000 	C:\WINDOWS\SYSTEM32\DBGHELP.DLL
0x00007ffd12060000 - 0x00007ffd123f3000 	C:\WINDOWS\System32\combase.dll
0x00007ffd11940000 - 0x00007ffd11a17000 	C:\WINDOWS\System32\OLEAUT32.dll
0x00007ffce66f0000 - 0x00007ffce6722000 	C:\WINDOWS\SYSTEM32\dbgcore.DLL
0x00007ffd10440000 - 0x00007ffd104bb000 	C:\WINDOWS\System32\bcryptPrimitives.dll
0x00007ffd08bb0000 - 0x00007ffd08bbf000 	c:\Users\david\.vscode\extensions\redhat.java-1.42.0-win32-x64\jre\21.0.7-win32-x86_64\bin\instrument.dll
0x00007ffcfe6b0000 - 0x00007ffcfe6cf000 	c:\Users\david\.vscode\extensions\redhat.java-1.42.0-win32-x64\jre\21.0.7-win32-x86_64\bin\java.dll
0x00007ffd126e0000 - 0x00007ffd12f7d000 	C:\WINDOWS\System32\SHELL32.dll
0x00007ffd102d0000 - 0x00007ffd1040f000 	C:\WINDOWS\System32\wintypes.dll
0x00007ffd0e000000 - 0x00007ffd0e91d000 	C:\WINDOWS\SYSTEM32\windows.storage.dll
0x00007ffd11760000 - 0x00007ffd1186b000 	C:\WINDOWS\System32\SHCORE.dll
0x00007ffd11ef0000 - 0x00007ffd11f56000 	C:\WINDOWS\System32\shlwapi.dll
0x00007ffd0fff0000 - 0x00007ffd1001b000 	C:\WINDOWS\SYSTEM32\profapi.dll
0x00007ffcfe690000 - 0x00007ffcfe6a8000 	c:\Users\david\.vscode\extensions\redhat.java-1.42.0-win32-x64\jre\21.0.7-win32-x86_64\bin\zip.dll
0x00007ffcfe7f0000 - 0x00007ffcfe800000 	C:\Users\david\.vscode\extensions\redhat.java-1.42.0-win32-x64\jre\21.0.7-win32-x86_64\bin\net.dll
0x00007ffd07be0000 - 0x00007ffd07d0c000 	C:\WINDOWS\SYSTEM32\WINHTTP.dll
0x00007ffd0f580000 - 0x00007ffd0f5ea000 	C:\WINDOWS\system32\mswsock.dll
0x00007ffcfd4c0000 - 0x00007ffcfd4d6000 	C:\Users\david\.vscode\extensions\redhat.java-1.42.0-win32-x64\jre\21.0.7-win32-x86_64\bin\nio.dll
0x00007ffcfe7c0000 - 0x00007ffcfe7d0000 	c:\Users\david\.vscode\extensions\redhat.java-1.42.0-win32-x64\jre\21.0.7-win32-x86_64\bin\verify.dll
0x00007ffcd8650000 - 0x00007ffcd8695000 	C:\Users\david\AppData\Roaming\Code\User\globalStorage\redhat.java\1.42.0\config_ss_win\org.eclipse.equinox.launcher\org.eclipse.equinox.launcher.win32.win32.x86_64_1.2.1300.v20250331-1702\eclipse_11911.dll
0x00007ffd11b60000 - 0x00007ffd11d01000 	C:\WINDOWS\System32\ole32.dll
0x00007ffd0f7d0000 - 0x00007ffd0f7eb000 	C:\WINDOWS\SYSTEM32\CRYPTSP.dll
0x00007ffd0f060000 - 0x00007ffd0f097000 	C:\WINDOWS\system32\rsaenh.dll
0x00007ffd0f670000 - 0x00007ffd0f698000 	C:\WINDOWS\SYSTEM32\USERENV.dll
0x00007ffd0f7f0000 - 0x00007ffd0f7fc000 	C:\WINDOWS\SYSTEM32\CRYPTBASE.dll
0x00007ffd0ebc0000 - 0x00007ffd0ebed000 	C:\WINDOWS\SYSTEM32\IPHLPAPI.DLL
0x00007ffd11ac0000 - 0x00007ffd11ac9000 	C:\WINDOWS\System32\NSI.dll
0x00007ffcde070000 - 0x00007ffcde0b9000 	C:\Users\david\AppData\Local\Temp\jna-95358580\jna12457070285478115122.dll
0x00007ffd12f80000 - 0x00007ffd12f88000 	C:\WINDOWS\System32\PSAPI.DLL
0x00007ffd07e70000 - 0x00007ffd07e89000 	C:\WINDOWS\SYSTEM32\dhcpcsvc6.DLL
0x00007ffd07bc0000 - 0x00007ffd07bdf000 	C:\WINDOWS\SYSTEM32\dhcpcsvc.DLL

dbghelp: loaded successfully - version: 4.0.5 - missing functions: none
symbol engine: initialized successfully - sym options: 0x614 - pdb path: .;c:\Users\david\.vscode\extensions\redhat.java-1.42.0-win32-x64\jre\21.0.7-win32-x86_64\bin;C:\WINDOWS\SYSTEM32;C:\WINDOWS\WinSxS\amd64_microsoft.windows.common-controls_6595b64144ccf1df_6.0.22621.5262_none_2712bde373830908;c:\Users\david\.vscode\extensions\redhat.java-1.42.0-win32-x64\jre\21.0.7-win32-x86_64\bin\server;C:\Users\david\AppData\Roaming\Code\User\globalStorage\redhat.java\1.42.0\config_ss_win\org.eclipse.equinox.launcher\org.eclipse.equinox.launcher.win32.win32.x86_64_1.2.1300.v20250331-1702;C:\Users\david\AppData\Local\Temp\jna-95358580

VM Arguments:
jvm_args: --add-modules=ALL-SYSTEM --add-opens=java.base/java.util=ALL-UNNAMED --add-opens=java.base/java.lang=ALL-UNNAMED --add-opens=java.base/sun.nio.fs=ALL-UNNAMED -Declipse.application=org.eclipse.jdt.ls.core.id1 -Dosgi.bundles.defaultStartLevel=4 -Declipse.product=org.eclipse.jdt.ls.core.product -Djava.import.generatesMetadataFilesAtProjectRoot=false -DDetectVMInstallationsJob.disabled=true -Dfile.encoding=utf8 -XX:+UseParallelGC -XX:GCTimeRatio=4 -XX:AdaptiveSizePolicyWeight=90 -Dsun.zip.disableMemoryMapping=true -Xmx1G -Xms100m -Xlog:disable -javaagent:c:\Users\david\.vscode\extensions\redhat.java-1.42.0-win32-x64\lombok\lombok-1.18.36.jar 
java_command: c:\Users\david\.vscode\extensions\redhat.java-1.42.0-win32-x64\server\plugins\org.eclipse.equinox.launcher_1.7.0.v20250424-1814.jar -configuration c:\Users\david\AppData\Roaming\Code\User\globalStorage\redhat.java\1.42.0\config_ss_win -data c:\Users\david\AppData\Roaming\Code\User\workspaceStorage\87b60a3fb22a96f2e3d81b46f5454791\redhat.java\ss_ws --pipe=\\.\pipe\lsp-7c55aad87f1bb562bf793ebc20f52af9-sock
java_class_path (initial): c:\Users\david\.vscode\extensions\redhat.java-1.42.0-win32-x64\server\plugins\org.eclipse.equinox.launcher_1.7.0.v20250424-1814.jar
Launcher Type: SUN_STANDARD

[Global flags]
    uintx AdaptiveSizePolicyWeight                 = 90                                        {product} {command line}
     intx CICompilerCount                          = 3                                         {product} {ergonomic}
    uintx GCTimeRatio                              = 4                                         {product} {command line}
   size_t InitialHeapSize                          = 104857600                                 {product} {command line}
   size_t MaxHeapSize                              = 1073741824                                {product} {command line}
   size_t MaxNewSize                               = 357564416                                 {product} {ergonomic}
   size_t MinHeapDeltaBytes                        = 524288                                    {product} {ergonomic}
   size_t MinHeapSize                              = 104857600                                 {product} {command line}
   size_t NewSize                                  = 34603008                                  {product} {ergonomic}
    uintx NonNMethodCodeHeapSize                   = 5832780                                {pd product} {ergonomic}
    uintx NonProfiledCodeHeapSize                  = 122912730                              {pd product} {ergonomic}
   size_t OldSize                                  = 70254592                                  {product} {ergonomic}
    uintx ProfiledCodeHeapSize                     = 122912730                              {pd product} {ergonomic}
    uintx ReservedCodeCacheSize                    = 251658240                              {pd product} {ergonomic}
     bool SegmentedCodeCache                       = true                                      {product} {ergonomic}
   size_t SoftMaxHeapSize                          = 1073741824                             {manageable} {ergonomic}
     bool UseCompressedOops                        = true                           {product lp64_product} {ergonomic}
     bool UseLargePagesIndividualAllocation        = false                                  {pd product} {ergonomic}
     bool UseParallelGC                            = true                                      {product} {command line}

Logging:
Log output configuration:
 #0: stdout all=off uptime,level,tags foldmultilines=false
 #1: stderr all=off uptime,level,tags foldmultilines=false

Environment Variables:
PATH=C:\Program Files\Common Files\Oracle\Java\javapath;C:\app\david\product\21c\dbhomeXE\bin;C:\WINDOWS\system32;C:\WINDOWS;C:\WINDOWS\System32\Wbem;C:\WINDOWS\System32\WindowsPowerShell\v1.0\;C:\WINDOWS\System32\OpenSSH\;C:\Program Files\Git\cmd;C:\Users\david\AppData\Local\Programs\Python\Python313\Scripts\;C:\Users\david\AppData\Local\Programs\Python\Python313\;C:\Users\david\AppData\Local\Microsoft\WindowsApps;C:\Users\david\AppData\Local\Programs\Microsoft VS Code\bin
USERNAME=david
OS=Windows_NT
PROCESSOR_IDENTIFIER=Intel64 Family 6 Model 126 Stepping 5, GenuineIntel
TMP=C:\Users\david\AppData\Local\Temp
TEMP=C:\Users\david\AppData\Local\Temp




Periodic native trim disabled

---------------  S Y S T E M  ---------------

OS:
 Windows 11 , 64 bit Build 22621 (10.0.22621.5262)
OS uptime: 3 days 17:41 hours

CPU: total 4 (initial active 4) (2 cores per cpu, 2 threads per core) family 6 model 126 stepping 5 microcode 0x86, cx8, cmov, fxsr, ht, mmx, 3dnowpref, sse, sse2, sse3, ssse3, sse4.1, sse4.2, popcnt, lzcnt, tsc, tscinvbit, avx, avx2, aes, erms, clmul, bmi1, bmi2, adx, avx512f, avx512dq, avx512cd, avx512bw, avx512vl, sha, fma, vzeroupper, avx512_vpopcntdq, avx512_vpclmulqdq, avx512_vaes, avx512_vnni, clflush, clflushopt, avx512_vbmi2, avx512_vbmi, rdtscp, rdpid, fsrm, gfni, avx512_bitalg, f16c, pku, avx512_ifma
Processor Information for the first 4 processors :
  Max Mhz: 1190, Current Mhz: 1190, Mhz Limit: 1190

Memory: 4k page, system-wide physical 3891M (5M free)
TotalPageFile size 15667M (AvailPageFile size 5M)
current process WorkingSet (physical memory assigned to process): 53M, peak: 189M
current process commit charge ("private bytes"): 261M, peak: 271M

vm_info: OpenJDK 64-Bit Server VM (21.0.7+6-LTS) for windows-amd64 JRE (21.0.7+6-LTS), built on 2025-04-15T00:00:00Z by "admin" with MS VC++ 17.7 (VS2022)

END.
